To honour the JVM settings for this build a single-use Daemon process will be forked. For more on this, please refer to https://docs.gradle.org/8.5/userguide/gradle_daemon.html#sec:disabling_the_daemon in the Gradle documentation.
Daemon will be stopped at the end of the build 
> Task :checkKotlinGradlePluginConfigurationErrors
> Task :compileKotlin UP-TO-DATE
> Task :compileJava NO-SOURCE
> Task :processResources UP-TO-DATE
> Task :classes UP-TO-DATE

> Task :run
03:01:18.521 [main] INFO ktor.application -- Autoreload is disabled because the development mode is off.
03:01:21.638 [main] INFO ktor.application -- Application started in 3.399 seconds.
03:01:21.702 [main] DEBUG io.netty.util.internal.logging.InternalLoggerFactory -- Using SLF4J as the default logging framework
03:01:21.891 [main] DEBUG io.netty.util.internal.PlatformDependent0 -- -Dio.netty.noUnsafe: false
03:01:21.893 [main] DEBUG io.netty.util.internal.PlatformDependent0 -- Java version: 17
03:01:21.898 [main] DEBUG io.netty.util.internal.PlatformDependent0 -- sun.misc.Unsafe.theUnsafe: available
03:01:21.902 [main] DEBUG io.netty.util.internal.PlatformDependent0 -- sun.misc.Unsafe.copyMemory: available
03:01:21.904 [main] DEBUG io.netty.util.internal.PlatformDependent0 -- sun.misc.Unsafe.storeFence: available
03:01:21.906 [main] DEBUG io.netty.util.internal.PlatformDependent0 -- java.nio.Buffer.address: available
03:01:21.908 [main] DEBUG io.netty.util.internal.PlatformDependent0 -- direct buffer constructor: unavailable: Reflective setAccessible(true) disabled
03:01:21.910 [main] DEBUG io.netty.util.internal.PlatformDependent0 -- java.nio.Bits.unaligned: available, true
03:01:21.934 [main] DEBUG io.netty.util.internal.PlatformDependent0 -- jdk.internal.misc.Unsafe.allocateUninitializedArray(int): unavailable: class io.netty.util.internal.PlatformDependent0$7 cannot access class jdk.internal.misc.Unsafe (in module java.base) because module java.base does not export jdk.internal.misc to unnamed module @163e4e87
03:01:21.948 [main] DEBUG io.netty.util.internal.PlatformDependent0 -- java.nio.DirectByteBuffer.<init>(long, {int,long}): unavailable
03:01:21.948 [main] DEBUG io.netty.util.internal.PlatformDependent -- sun.misc.Unsafe: available
03:01:21.960 [main] DEBUG io.netty.util.internal.PlatformDependent -- -Dio.netty.tmpdir: C:\Users\slick\AppData\Local\Temp (java.io.tmpdir)
03:01:21.960 [main] DEBUG io.netty.util.internal.PlatformDependent -- -Dio.netty.bitMode: 64 (sun.arch.data.model)
03:01:21.966 [main] DEBUG io.netty.util.internal.PlatformDependent -- Platform: Windows
03:01:21.969 [main] DEBUG io.netty.util.internal.PlatformDependent -- -Dio.netty.maxDirectMemory: -1 bytes
03:01:21.970 [main] DEBUG io.netty.util.internal.PlatformDependent -- -Dio.netty.uninitializedArrayAllocationThreshold: -1
03:01:21.984 [main] DEBUG io.netty.util.internal.CleanerJava9 -- java.nio.ByteBuffer.cleaner(): available
03:01:21.985 [main] DEBUG io.netty.util.internal.PlatformDependent -- -Dio.netty.noPreferDirect: false
03:01:22.824 [main] DEBUG io.netty.channel.MultithreadEventLoopGroup -- -Dio.netty.eventLoopThreads: 8
03:01:22.865 [main] DEBUG io.netty.util.concurrent.GlobalEventExecutor -- -Dio.netty.globalEventExecutor.quietPeriodSeconds: 1
03:01:22.988 [main] DEBUG io.netty.util.internal.InternalThreadLocalMap -- -Dio.netty.threadLocalMap.stringBuilder.initialSize: 1024
03:01:22.989 [main] DEBUG io.netty.util.internal.InternalThreadLocalMap -- -Dio.netty.threadLocalMap.stringBuilder.maxSize: 4096
03:01:23.116 [main] DEBUG io.netty.channel.nio.NioEventLoop -- -Dio.netty.noKeySetOptimization: false
03:01:23.119 [main] DEBUG io.netty.channel.nio.NioEventLoop -- -Dio.netty.selectorAutoRebuildThreshold: 512
03:01:23.235 [main] DEBUG io.netty.util.internal.PlatformDependent -- org.jctools-core.MpscChunkedArrayQueue: available
03:01:23.643 [main] DEBUG io.netty.channel.DefaultChannelId -- -Dio.netty.processId: 6780 (auto-detected)
03:01:23.654 [main] DEBUG io.netty.util.NetUtil -- -Djava.net.preferIPv4Stack: false
03:01:23.655 [main] DEBUG io.netty.util.NetUtil -- -Djava.net.preferIPv6Addresses: false
03:01:23.763 [main] DEBUG io.netty.util.NetUtilInitializations -- Loopback interface: lo (Software Loopback Interface 1, 127.0.0.1)
03:01:23.768 [main] DEBUG io.netty.util.NetUtil -- Failed to get SOMAXCONN from sysctl and file \proc\sys\net\core\somaxconn. Default: 200
03:01:24.123 [main] DEBUG io.netty.channel.DefaultChannelId -- -Dio.netty.machineId: 00:15:5d:ff:fe:32:c6:a9 (auto-detected)
03:01:24.184 [main] DEBUG io.netty.util.ResourceLeakDetector -- -Dio.netty.leakDetection.level: simple
03:01:24.185 [main] DEBUG io.netty.util.ResourceLeakDetector -- -Dio.netty.leakDetection.targetRecords: 4
03:01:24.301 [main] DEBUG io.netty.buffer.PooledByteBufAllocator -- -Dio.netty.allocator.numHeapArenas: 8
03:01:24.303 [main] DEBUG io.netty.buffer.PooledByteBufAllocator -- -Dio.netty.allocator.numDirectArenas: 8
03:01:24.303 [main] DEBUG io.netty.buffer.PooledByteBufAllocator -- -Dio.netty.allocator.pageSize: 8192
03:01:24.304 [main] DEBUG io.netty.buffer.PooledByteBufAllocator -- -Dio.netty.allocator.maxOrder: 9
03:01:24.305 [main] DEBUG io.netty.buffer.PooledByteBufAllocator -- -Dio.netty.allocator.chunkSize: 4194304
03:01:24.305 [main] DEBUG io.netty.buffer.PooledByteBufAllocator -- -Dio.netty.allocator.smallCacheSize: 256
03:01:24.306 [main] DEBUG io.netty.buffer.PooledByteBufAllocator -- -Dio.netty.allocator.normalCacheSize: 64
03:01:24.306 [main] DEBUG io.netty.buffer.PooledByteBufAllocator -- -Dio.netty.allocator.maxCachedBufferCapacity: 32768
03:01:24.306 [main] DEBUG io.netty.buffer.PooledByteBufAllocator -- -Dio.netty.allocator.cacheTrimInterval: 8192
03:01:24.306 [main] DEBUG io.netty.buffer.PooledByteBufAllocator -- -Dio.netty.allocator.cacheTrimIntervalMillis: 0
03:01:24.306 [main] DEBUG io.netty.buffer.PooledByteBufAllocator -- -Dio.netty.allocator.useCacheForAllThreads: false
03:01:24.307 [main] DEBUG io.netty.buffer.PooledByteBufAllocator -- -Dio.netty.allocator.maxCachedByteBuffersPerChunk: 1023
03:01:24.351 [main] DEBUG io.netty.buffer.ByteBufUtil -- -Dio.netty.allocator.type: pooled
03:01:24.352 [main] DEBUG io.netty.buffer.ByteBufUtil -- -Dio.netty.threadLocalDirectBufferSize: 0
03:01:24.352 [main] DEBUG io.netty.buffer.ByteBufUtil -- -Dio.netty.maxThreadLocalCharBufferSize: 16384
03:01:24.356 [main] DEBUG io.netty.bootstrap.ChannelInitializerExtensions -- -Dio.netty.bootstrap.extensions: null
03:01:24.420 [DefaultDispatcher-worker-1] INFO ktor.application -- Responding at http://127.0.0.1:8080
03:01:29.249 [eventLoopGroupProxy-3-1] DEBUG io.netty.buffer.AbstractByteBuf -- -Dio.netty.buffer.checkAccessible: true
03:01:29.250 [eventLoopGroupProxy-3-1] DEBUG io.netty.buffer.AbstractByteBuf -- -Dio.netty.buffer.checkBounds: true
03:01:29.253 [eventLoopGroupProxy-3-1] DEBUG io.netty.util.ResourceLeakDetectorFactory -- Loaded default ResourceLeakDetector: io.netty.util.ResourceLeakDetector@35465ba
03:01:29.500 [eventLoopGroupProxy-3-1] DEBUG io.netty.util.Recycler -- -Dio.netty.recycler.maxCapacityPerThread: 4096
03:01:29.501 [eventLoopGroupProxy-3-1] DEBUG io.netty.util.Recycler -- -Dio.netty.recycler.ratio: 8
03:01:29.502 [eventLoopGroupProxy-3-1] DEBUG io.netty.util.Recycler -- -Dio.netty.recycler.chunkSize: 32
03:01:29.503 [eventLoopGroupProxy-3-1] DEBUG io.netty.util.Recycler -- -Dio.netty.recycler.blocking: false
03:01:29.503 [eventLoopGroupProxy-3-1] DEBUG io.netty.util.Recycler -- -Dio.netty.recycler.batchFastThreadLocalOnly: true
? TRANSFER ORDER: $5000.0 -> elon
? TRANSFER ORDER: $5000.0 -> ELON
? TRANSFER ORDER: $5000.0 -> ELON
? TRANSFER ORDER: $5000.0 -> ELON
